NotePad-master/app/build/outputs/logs/manifest-merger-debug-report.txt
-- Merging decision tree log ---
manifest
ADDED from src\main\AndroidManifest.xml:21:1-128:12
INJECTED from src\main\AndroidManifest.xml:21:1-128:12
INJECTED from src\main\AndroidManifest.xml:21:1-128:12
	package
		ADDED from src\main\AndroidManifest.xml:22:5-42
		INJECTED from src\main\AndroidManifest.xml
		INJECTED from src\main\AndroidManifest.xml
	xmlns:android
		ADDED from src\main\AndroidManifest.xml:21:11-69
uses-sdk
ADDED from src\main\AndroidManifest.xml:24:5-44
INJECTED from src\main\AndroidManifest.xml:24:5-44
INJECTED from src\main\AndroidManifest.xml:24:5-44
INJECTED from src\main\AndroidManifest.xml:24:5-44
INJECTED from src\main\AndroidManifest.xml:24:5-44
	android:targetSdkVersion
		INJECTED from src\main\AndroidManifest.xml
		ADDED from src\main\AndroidManifest.xml:24:5-44
		INJECTED from src\main\AndroidManifest.xml
	android:minSdkVersion
		ADDED from src\main\AndroidManifest.xml:24:15-41
		INJECTED from src\main\AndroidManifest.xml
		INJECTED from src\main\AndroidManifest.xml
application
ADDED from src\main\AndroidManifest.xml:26:5-126:19
	android:label
		ADDED from src\main\AndroidManifest.xml:28:9-41
	android:icon
		ADDED from src\main\AndroidManifest.xml:27:9-43
provider#com.example.android.notepad.NotePadProvider
ADDED from src\main\AndroidManifest.xml:29:9-34:20
	android:authorities
		ADDED from src\main\AndroidManifest.xml:31:13-62
	android:exported
		ADDED from src\main\AndroidManifest.xml:32:13-37
	android:name
		ADDED from src\main\AndroidManifest.xml:30:13-43
grant-uri-permission
ADDED from src\main\AndroidManifest.xml:33:13-62
	android:pathPattern
		ADDED from src\main\AndroidManifest.xml:33:35-59
activity#com.example.android.notepad.NotesList
ADDED from src\main\AndroidManifest.xml:36:9-56:20
	android:label
		ADDED from src\main\AndroidManifest.xml:38:13-53
	android:name
		ADDED from src\main\AndroidManifest.xml:37:13-37
intent-filter#android.intent.action.MAIN+android.intent.category.LAUNCHER
ADDED from src\main\AndroidManifest.xml:39:13-42:29
action#android.intent.action.MAIN
ADDED from src\main\AndroidManifest.xml:40:17-69
	android:name
		ADDED from src\main\AndroidManifest.xml:40:25-66
category#android.intent.category.LAUNCHER
ADDED from src\main\AndroidManifest.xml:41:17-77
	android:name
		ADDED from src\main\AndroidManifest.xml:41:27-74
intent-filter#android.intent.action.EDIT+android.intent.action.PICK+android.intent.action.VIEW+android.intent.category.DEFAULT
ADDED from src\main\AndroidManifest.xml:43:13-50:29
action#android.intent.action.VIEW
ADDED from src\main\AndroidManifest.xml:44:17-69
	android:name
		ADDED from src\main\AndroidManifest.xml:44:25-66
action#android.intent.action.EDIT
ADDED from src\main\AndroidManifest.xml:45:17-69
	android:name
		ADDED from src\main\AndroidManifest.xml:45:25-66
action#android.intent.action.PICK
ADDED from src\main\AndroidManifest.xml:46:17-69
	android:name
		ADDED from src\main\AndroidManifest.xml:46:25-66
category#android.intent.category.DEFAULT
ADDED from src\main\AndroidManifest.xml:48:17-76
	android:name
		ADDED from src\main\AndroidManifest.xml:48:27-73
data
ADDED from src\main\AndroidManifest.xml:49:17-83
	android:mimeType
		ADDED from src\main\AndroidManifest.xml:49:23-80
intent-filter#android.intent.action.GET_CONTENT+android.intent.category.DEFAULT
ADDED from src\main\AndroidManifest.xml:51:13-55:29
action#android.intent.action.GET_CONTENT
ADDED from src\main\AndroidManifest.xml:52:17-76
	android:name
		ADDED from src\main\AndroidManifest.xml:52:25-73
activity#com.example.android.notepad.NoteEditor
ADDED from src\main\AndroidManifest.xml:58:9-86:20
	android:screenOrientation
		ADDED from src\main\AndroidManifest.xml:61:13-47
	android:configChanges
		ADDED from src\main\AndroidManifest.xml:60:13-63
	android:theme
		ADDED from src\main\AndroidManifest.xml:62:13-60
	android:name
		ADDED from src\main\AndroidManifest.xml:59:13-38
intent-filter#android.intent.action.EDIT+android.intent.action.VIEW+android.intent.category.DEFAULT+com.android.notepad.action.EDIT_NOTE
ADDED from src\main\AndroidManifest.xml:65:13-72:29
	android:label
		ADDED from src\main\AndroidManifest.xml:65:28-64
action#com.android.notepad.action.EDIT_NOTE
ADDED from src\main\AndroidManifest.xml:68:17-79
	android:name
		ADDED from src\main\AndroidManifest.xml:68:25-76
intent-filter#android.intent.action.INSERT+android.intent.action.PASTE+android.intent.category.DEFAULT
ADDED from src\main\AndroidManifest.xml:78:13-84:29
action#android.intent.action.INSERT
ADDED from src\main\AndroidManifest.xml:79:17-71
	android:name
		ADDED from src\main\AndroidManifest.xml:79:25-68
action#android.intent.action.PASTE
ADDED from src\main\AndroidManifest.xml:80:17-70
	android:name
		ADDED from src\main\AndroidManifest.xml:80:25-67
activity#com.example.android.notepad.TitleEditor
ADDED from src\main\AndroidManifest.xml:88:9-114:20
	android:label
		ADDED from src\main\AndroidManifest.xml:91:13-53
	android:windowSoftInputMode
		ADDED from src\main\AndroidManifest.xml:93:13-55
	android:icon
		ADDED from src\main\AndroidManifest.xml:90:13-50
	android:theme
		ADDED from src\main\AndroidManifest.xml:92:13-61
	android:name
		ADDED from src\main\AndroidManifest.xml:89:13-39
intent-filter#android.intent.category.ALTERNATIVE+android.intent.category.DEFAULT+android.intent.category.SELECTED_ALTERNATIVE+com.android.notepad.action.EDIT_TITLE
ADDED from src\main\AndroidManifest.xml:98:13-113:29
	android:label
		ADDED from src\main\AndroidManifest.xml:98:28-65
action#com.android.notepad.action.EDIT_TITLE
ADDED from src\main\AndroidManifest.xml:102:17-80
	android:name
		ADDED from src\main\AndroidManifest.xml:102:25-77
category#android.intent.category.ALTERNATIVE
ADDED from src\main\AndroidManifest.xml:107:17-80
	android:name
		ADDED from src\main\AndroidManifest.xml:107:27-77
category#android.intent.category.SELECTED_ALTERNATIVE
ADDED from src\main\AndroidManifest.xml:110:17-89
	android:name
		ADDED from src\main\AndroidManifest.xml:110:27-86
activity#com.example.android.notepad.NotesLiveFolder
ADDED from src\main\AndroidManifest.xml:116:9-124:20
	android:label
		ADDED from src\main\AndroidManifest.xml:119:13-53
	android:icon
		ADDED from src\main\AndroidManifest.xml:118:13-55
	android:name
		ADDED from src\main\AndroidManifest.xml:117:13-43
intent-filter#android.intent.action.CREATE_LIVE_FOLDER+android.intent.category.DEFAULT
ADDED from src\main\AndroidManifest.xml:120:13-123:29
action#android.intent.action.CREATE_LIVE_FOLDER
ADDED from src\main\AndroidManifest.xml:121:17-83
	android:name
		ADDED from src\main\AndroidManifest.xml:121:25-80